<?xml version="1.0" encoding="UTF-8"?>
<!-- Generated by org.testng.reporters.JUnitXMLReporter -->
<testsuite ignored="0" hostname="DESKTOP-0FOOI6C" failures="0" tests="5" name="Test" time="159.952" errors="0" timestamp="2021-03-29T12:17:21 IST">
  <testcase classname="Academy.HomePage" name="basePageNavigation" time="0.797"/>
  <testcase classname="Academy.validateTitle" name="basePageNavigation" time="0.064"/>
  <testcase classname="Academy.LoginTest" name="basePageNavigation" time="30.114"/>
  <testcase classname="Academy.LoginTest" name="basePageNavigation" time="31.926"/>
  <testcase classname="Academy.validateNavigatonBar" name="basePageNavigation" time="0.179"/>
</testsuite> <!-- Test -->
