<?xml version="1.0" encoding="UTF-8"?>
<testng-results ignored="0" total="1" passed="1" failed="0" skipped="0">
  <reporter-output>
  </reporter-output>
  <suite started-at="2021-04-09T14:41:14 IST" name="Suite" finished-at="2021-04-09T14:43:47 IST" duration-ms="152869">
    <groups>
      <group name="cucumber">
        <method signature="AbstractTestNGCucumberTests.feature(cucumber.api.testng.CucumberFeatureWrapper)[pri:0, instance:cucumberOptions.testRunner@1672fe87]" name="feature" class="cucumber.api.testng.AbstractTestNGCucumberTests"/>
      </group> <!-- cucumber -->
    </groups>
    <test started-at="2021-04-09T14:41:14 IST" name="Login Validation" finished-at="2021-04-09T14:43:47 IST" duration-ms="152869">
      <class name="cucumberOptions.testRunner">
        <test-method is-config="true" signature="setUpClass()[pri:0, instance:cucumberOptions.testRunner@1672fe87]" started-at="2021-04-09T14:41:14 IST" name="setUpClass" finished-at="2021-04-09T14:41:15 IST" duration-ms="599" status="PASS">
          <reporter-output>
          </reporter-output>
        </test-method> <!-- setUpClass -->
        <test-method signature="feature(cucumber.api.testng.CucumberFeatureWrapper)[pri:0, instance:cucumberOptions.testRunner@1672fe87]" started-at="2021-04-09T14:41:15 IST" name="feature" description="Runs Cucumber Feature" data-provider="features" finished-at="2021-04-09T14:43:47 IST" duration-ms="151824" status="PASS">
          <params>
            <param index="0">
              <value>
                <![CDATA[Login into a application]]>
              </value>
            </param>
          </params>
          <reporter-output>
          </reporter-output>
        </test-method> <!-- feature -->
        <test-method is-config="true" signature="tearDownClass()[pri:0, instance:cucumberOptions.testRunner@1672fe87]" started-at="2021-04-09T14:43:47 IST" name="tearDownClass" finished-at="2021-04-09T14:43:47 IST" duration-ms="129" status="PASS">
          <reporter-output>
          </reporter-output>
        </test-method> <!-- tearDownClass -->
      </class> <!-- cucumberOptions.testRunner -->
    </test> <!-- Login Validation -->
  </suite> <!-- Suite -->
</testng-results>
